#
# A fatal error has been detected by the Java Runtime Environment:
#
#  SIGSEGV (0xb) at pc=0x000000401d266101, pid=9, tid=12
#
# JRE version: OpenJDK Runtime Environment 18.9 (11.0.16+8) (build 11.0.16+8)
# Java VM: OpenJDK 64-Bit Server VM 18.9 (11.0.16+8, mixed mode, sharing, tiered, compressed oops, g1 gc, linux-amd64)
# Problematic frame:
# J 49 c1 java.lang.String.length()I java.base@11.0.16 (11 bytes) @ 0x000000401d266101 [0x000000401d2660c0+0x0000000000000041]
#
# No core dump will be written. Core dumps have been disabled. To enable core dumping, try "ulimit -c unlimited" before starting Java again
#
# If you would like to submit a bug report, please visit:
#   https://bugreport.java.com/bugreport/crash.jsp
#

---------------  S U M M A R Y ------------

Command Line: org.h2.tools.Server -web -webAllowOthers -webPort 81 -tcp -tcpAllowOthers -tcpPort 1521 -baseDir /opt/h2-data -ifNotExists

Host: x86_64, 5 cores, 1G, Debian GNU/Linux 11 (bullseye)
Time: Wed Jul  5 10:04:00 2023 UTC elapsed time: 1.597478 seconds (0d 0h 0m 1s)

---------------  T H R E A D  ---------------

Current thread (0x0000004004027000):  JavaThread "main" [_thread_in_Java, id=12, stack(0x0000004003357000,0x0000004003458000)]

Stack: [0x0000004003357000,0x0000004003458000],  sp=0x0000004003454048,  free space=1012k
Native frames: (J=compiled Java code, A=aot compiled Java code, j=interpreted, Vv=VM code, C=native code)
J 49 c1 java.lang.String.length()I java.base@11.0.16 (11 bytes) @ 0x000000401d266101 [0x000000401d2660c0+0x0000000000000041]

[error occurred during error reporting (printing native stack), id 0xb, SIGSEGV (0xb) at pc=0x000000400258768e]


siginfo: si_signo: 11 (SIGSEGV), si_code: 128 (SI_KERNEL), si_addr: 0x0000000000000000

Register to memory mapping:

RAX=0x0000000800337f18 is pointing into metadata
RBX=0x0000000800337f18 is pointing into metadata
RCX=0x00000000e2be0de5 points into unknown readable memory: 0d be e2
RDX=0x0000000040500001 is an unknown value
RSP=0x0000004003454048 is pointing into the stack for thread: 0x0000004004027000
RBP=0x00000040034540a8 is pointing into the stack for thread: 0x0000004004027000
RSI=0x00000000e2be0dd8 points into unknown readable memory: 0x0000000000000005 | 05 00 00 00 00 00 00 00
RDI=0x000000000000017b is an unknown value
R8 =0x0000000040000000 is an unknown value
R9 =0x0000000000000025 is an unknown value
R10=0x00000040031fc160: <offset 0x00000000013a7160> in /usr/local/openjdk-11/lib/server/libjvm.so at 0x0000004001e55000
R11=0x000000401d266100 is at entry_point+64 in (nmethod*)0x000000401d265f10
R12=0x0 is NULL
R13=0x0000004003454058 is pointing into the stack for thread: 0x0000004004027000
R14=0x00000040034540c0 is pointing into the stack for thread: 0x0000004004027000
R15=0x0000004004027000 is a thread


Registers:
RAX=0x0000000800337f18, RBX=0x0000000800337f18, RCX=0x00000000e2be0de5, RDX=0x0000000040500001
RSP=0x0000004003454048, RBP=0x00000040034540a8, RSI=0x00000000e2be0dd8, RDI=0x000000000000017b
R8 =0x0000000040000000, R9 =0x0000000000000025, R10=0x00000040031fc160, R11=0x000000401d266100
R12=0x0000000000000000, R13=0x0000004003454058, R14=0x00000040034540c0, R15=0x0000004004027000
RIP=0x000000401d266101, EFLAGS=0x0000000000000292, CSGSFS=0x002b000000000033, ERR=0x0000000000000000
  TRAPNO=0xffffffffffffffff

Top of Stack: (sp=0x0000004003454048)
0x0000004003454048:   000000401ccd1c80 000000401ccd1c80
0x0000004003454058:   00000000e2be0dd8 0000004003454060
0x0000004003454068:   00000008007f42f7 00000040034540c0
0x0000004003454078:   0000000800229be0 0000000000000000 

Instructions: (pc=0x000000401d266101)
0x000000401d266001:   00 00 00 00 00 00 00 c0 60 26 1d 40 00 00 00 00
0x000000401d266011:   61 26 1d 40 00 00 00 c0 60 26 1d 40 00 00 00 30
0x000000401d266021:   03 00 00 e9 02 00 00 b0 01 00 00 30 03 00 00 60
0x000000401d266031:   03 00 00 60 03 00 00 00 00 00 00 98 03 00 00 e8
0x000000401d266041:   03 00 00 f0 03 00 00 f0 03 00 00 00 04 00 00 28
0x000000401d266051:   00 00 00 31 00 00 00 03 00 00 00 00 00 00 02 00
0x000000401d266061:   00 00 00 02 00 00 00 00 00 00 00 00 00 00 00 01
0x000000401d266071:   00 00 00 00 00 00 00 e0 01 00 00 ff ff ff ff ff
0x000000401d266081:   ff ff ff 00 00 00 00 1b 60 31 c0 31 c0 12 c0 28
0x000000401d266091:   c0 14 c0 24 b0 04 c0 17 64 0a 64 05 c0 17 64 37
0x000000401d2660a1:   64 19 00 00 64 03 f8 c8 02 5a de 40 00 05 70 0e
0x000000401d2660b1:   64 01 f8 9e ff 06 90 0c 64 00 00 00 00 00 00 44
0x000000401d2660c1:   8b 56 08 49 c1 e2 03 49 bc 00 00 00 00 08 00 00
0x000000401d2660d1:   00 4d 03 d4 4d 33 e4 4c 3b d0 0f 85 9f cf aa ff
0x000000401d2660e1:   66 66 66 0f 1f 84 00 00 00 00 00 66 66 0f 1f 84
0x000000401d2660f1:   00 00 00 00 00 66 66 0f 1f 84 00 00 00 00 00 e9
0x000000401d266101:   fb a0 a6 ff fe ff 55 48 83 ec 30 48 b9 08 e9 09
0x000000401d266111:   d8 42 00 00 00 8b 81 00 01 00 00 83 c0 08 89 81
0x000000401d266121:   00 01 00 00 81 e0 f8 1f 00 00 83 f8 00 0f 84 7f
0x000000401d266131:   00 00 00 8b 4e 0c 8b 41 0c 48 8b ce 48 bf 08 e9
0x000000401d266141:   09 d8 42 00 00 00 48 83 87 40 01 00 00 01 48 b9
0x000000401d266151:   40 ce 09 d8 42 00 00 00 8b b9 00 01 00 00 83 c7
0x000000401d266161:   08 89 b9 00 01 00 00 81 e7 f8 ff 7f 00 83 ff 00
0x000000401d266171:   0f 84 62 00 00 00 48 b9 40 ce 09 d8 42 00 00 00
0x000000401d266181:   ff 81 50 01 00 00 0f be 4e 14 48 be 40 ce 09 d8
0x000000401d266191:   42 00 00 00 ff 86 60 01 00 00 c1 e1 18 c1 f9 18
0x000000401d2661a1:   d3 f8 48 83 c4 30 5d 4d 8b 97 08 01 00 00 41 85
0x000000401d2661b1:   02 c3 49 ba 18 7f 33 00 08 00 00 00 4c 89 54 24
0x000000401d2661c1:   08 48 c7 04 24 ff ff ff ff e8 31 9b b5 ff e9 60
0x000000401d2661d1:   ff ff ff e8 47 3b b5 ff 49 ba a0 85 33 00 08 00
0x000000401d2661e1:   00 00 4c 89 54 24 08 48 c7 04 24 ff ff ff ff e8
0x000000401d2661f1:   0b 9b b5 ff eb 80 90 90 49 8b 87 40 04 00 00 49 


Stack slot to memory mapping:
stack at sp + 0 slots: 0x000000401ccd1c80 is at code_begin+832 in an Interpreter codelet
invoke return entry points  [0x000000401ccd1940, 0x000000401ccd2360]  2592 bytes
stack at sp + 1 slots: 0x000000401ccd1c80 is at code_begin+832 in an Interpreter codelet
invoke return entry points  [0x000000401ccd1940, 0x000000401ccd2360]  2592 bytes
stack at sp + 2 slots: 0x00000000e2be0dd8 points into unknown readable memory: 0x0000000000000005 | 05 00 00 00 00 00 00 00
stack at sp + 3 slots: 0x0000004003454060 is pointing into the stack for thread: 0x0000004004027000
stack at sp + 4 slots: 0x00000008007f42f7 is pointing into metadata
stack at sp + 5 slots: 0x00000040034540c0 is pointing into the stack for thread: 0x0000004004027000
stack at sp + 6 slots: 0x0000000800229be0 is pointing into metadata
stack at sp + 7 slots: 0x0 is NULL



---------------  P R O C E S S  ---------------

Threads class SMR info:
_java_thread_list=0x000000432c001540, length=9, elements={
0x0000004004027000, 0x00000040040af000, 0x00000040040b1800, 0x00000040040b8000,
0x00000040040ba000, 0x00000040040bc800, 0x00000040040be800, 0x00000040040c0800,
0x0000004004124800
}

Java Threads: ( => current thread )
=>0x0000004004027000 JavaThread "main" [_thread_in_Java, id=12, stack(0x0000004003357000,0x0000004003458000)]
  0x00000040040af000 JavaThread "Reference Handler" daemon [_thread_blocked, id=19, stack(0x00000042e0a92000,0x00000042e0b93000)]
  0x00000040040b1800 JavaThread "Finalizer" daemon [_thread_blocked, id=20, stack(0x00000042e8b93000,0x00000042e8c94000)]
  0x00000040040b8000 JavaThread "Signal Dispatcher" daemon [_thread_blocked, id=21, stack(0x00000042f0e6d000,0x00000042f0f6e000)]
  0x00000040040ba000 JavaThread "Service Thread" daemon [_thread_blocked, id=22, stack(0x00000042f8f6e000,0x00000042f906f000)]
  0x00000040040bc800 JavaThread "C2 CompilerThread0" daemon [_thread_blocked, id=23, stack(0x000000430106f000,0x0000004301170000)]
  0x00000040040be800 JavaThread "C1 CompilerThread0" daemon [_thread_blocked, id=24, stack(0x0000004309170000,0x0000004309271000)]
  0x00000040040c0800 JavaThread "Sweeper thread" daemon [_thread_blocked, id=25, stack(0x0000004311271000,0x0000004311372000)]
  0x0000004004124800 JavaThread "Common-Cleaner" daemon [_thread_blocked, id=27, stack(0x0000004321474000,0x0000004321575000)]

Other Threads:
  0x00000040040ac800 VMThread "VM Thread" [stack: 0x00000042d8992000,0x00000042d8a92000] [id=18] _threads_hazard_ptr=0x000000432c001540
  0x0000004004122000 WatcherThread [stack: 0x0000004319374000,0x0000004319474000] [id=26]
  0x000000400403e800 GCTaskThread "GC Thread#0" [stack: 0x000000402beac000,0x000000402bfac000] [id=13]
  0x000000400404f000 ConcurrentGCThread "G1 Main Marker" [stack: 0x000000403573f000,0x000000403583f000] [id=14]
  0x0000004004051000 ConcurrentGCThread "G1 Conc#0" [stack: 0x000000403d841000,0x000000403d941000] [id=15]
  0x0000004004080800 ConcurrentGCThread "G1 Refine#0" [stack: 0x0000004047e48000,0x0000004047f48000] [id=16]
  0x0000004004082800 ConcurrentGCThread "G1 Young RemSet Sampling" [stack: 0x000000404ff4a000,0x000000405004a000] [id=17]

Threads with active compile tasks:

VM state:synchronizing (normal execution)

VM Mutex/Monitor currently owned by a thread:  ([mutex/lock_event])
[0x0000004004023d20] Safepoint_lock - owner thread: 0x00000040040ac800
[0x0000004004023db0] Threads_lock - owner thread: 0x00000040040ac800

Heap address: 0x00000000e0e00000, size: 498 MB, Compressed Oops mode: 32-bit
Narrow klass base: 0x0000000800000000, Narrow klass shift: 3
Compressed class space size: 1073741824 Address: 0x0000000840000000

Heap:
 garbage-first heap   total 34816K, used 2764K [0x00000000e0e00000, 0x0000000100000000)
  region size 1024K, 3 young (3072K), 0 survivors (0K)
 Metaspace       used 1781K, capacity 5228K, committed 5376K, reserved 1056768K
  class space    used 159K, capacity 467K, committed 512K, reserved 1048576K
Heap Regions: E=young(eden), S=young(survivor), O=old, HS=humongous(starts), HC=humongous(continues), CS=collection set, F=free, A=archive, TAMS=top-at-mark-start (previous, next)
|   0|0x00000000e0e00000, 0x00000000e0e00000, 0x00000000e0f00000|  0%| F|  |TAMS 0x00000000e0e00000, 0x00000000e0e00000| Untracked 
|   1|0x00000000e0f00000, 0x00000000e0f00000, 0x00000000e1000000|  0%| F|  |TAMS 0x00000000e0f00000, 0x00000000e0f00000| Untracked 
|   2|0x00000000e1000000, 0x00000000e1000000, 0x00000000e1100000|  0%| F|  |TAMS 0x00000000e1000000, 0x00000000e1000000| Untracked 
|   3|0x00000000e1100000, 0x00000000e1100000, 0x00000000e1200000|  0%| F|  |TAMS 0x00000000e1100000, 0x00000000e1100000| Untracked 
|   4|0x00000000e1200000, 0x00000000e1200000, 0x00000000e1300000|  0%| F|  |TAMS 0x00000000e1200000, 0x00000000e1200000| Untracked 
|   5|0x00000000e1300000, 0x00000000e1300000, 0x00000000e1400000|  0%| F|  |TAMS 0x00000000e1300000, 0x00000000e1300000| Untracked 
|   6|0x00000000e1400000, 0x00000000e1400000, 0x00000000e1500000|  0%| F|  |TAMS 0x00000000e1400000, 0x00000000e1400000| Untracked 
|   7|0x00000000e1500000, 0x00000000e1500000, 0x00000000e1600000|  0%| F|  |TAMS 0x00000000e1500000, 0x00000000e1500000| Untracked 
|   8|0x00000000e1600000, 0x00000000e1600000, 0x00000000e1700000|  0%| F|  |TAMS 0x00000000e1600000, 0x00000000e1600000| Untracked 
|   9|0x00000000e1700000, 0x00000000e1700000, 0x00000000e1800000|  0%| F|  |TAMS 0x00000000e1700000, 0x00000000e1700000| Untracked 
|  10|0x00000000e1800000, 0x00000000e1800000, 0x00000000e1900000|  0%| F|  |TAMS 0x00000000e1800000, 0x00000000e1800000| Untracked 
|  11|0x00000000e1900000, 0x00000000e1900000, 0x00000000e1a00000|  0%| F|  |TAMS 0x00000000e1900000, 0x00000000e1900000| Untracked 
|  12|0x00000000e1a00000, 0x00000000e1a00000, 0x00000000e1b00000|  0%| F|  |TAMS 0x00000000e1a00000, 0x00000000e1a00000| Untracked 
|  13|0x00000000e1b00000, 0x00000000e1b00000, 0x00000000e1c00000|  0%| F|  |TAMS 0x00000000e1b00000, 0x00000000e1b00000| Untracked 
|  14|0x00000000e1c00000, 0x00000000e1c00000, 0x00000000e1d00000|  0%| F|  |TAMS 0x00000000e1c00000, 0x00000000e1c00000| Untracked 
|  15|0x00000000e1d00000, 0x00000000e1d00000, 0x00000000e1e00000|  0%| F|  |TAMS 0x00000000e1d00000, 0x00000000e1d00000| Untracked 
|  16|0x00000000e1e00000, 0x00000000e1e00000, 0x00000000e1f00000|  0%| F|  |TAMS 0x00000000e1e00000, 0x00000000e1e00000| Untracked 
|  17|0x00000000e1f00000, 0x00000000e1f00000, 0x00000000e2000000|  0%| F|  |TAMS 0x00000000e1f00000, 0x00000000e1f00000| Untracked 
|  18|0x00000000e2000000, 0x00000000e2000000, 0x00000000e2100000|  0%| F|  |TAMS 0x00000000e2000000, 0x00000000e2000000| Untracked 
|  19|0x00000000e2100000, 0x00000000e2100000, 0x00000000e2200000|  0%| F|  |TAMS 0x00000000e2100000, 0x00000000e2100000| Untracked 
|  20|0x00000000e2200000, 0x00000000e2200000, 0x00000000e2300000|  0%| F|  |TAMS 0x00000000e2200000, 0x00000000e2200000| Untracked 
|  21|0x00000000e2300000, 0x00000000e2300000, 0x00000000e2400000|  0%| F|  |TAMS 0x00000000e2300000, 0x00000000e2300000| Untracked 
|  22|0x00000000e2400000, 0x00000000e2400000, 0x00000000e2500000|  0%| F|  |TAMS 0x00000000e2400000, 0x00000000e2400000| Untracked 
|  23|0x00000000e2500000, 0x00000000e2500000, 0x00000000e2600000|  0%| F|  |TAMS 0x00000000e2500000, 0x00000000e2500000| Untracked 
|  24|0x00000000e2600000, 0x00000000e2600000, 0x00000000e2700000|  0%| F|  |TAMS 0x00000000e2600000, 0x00000000e2600000| Untracked 
|  25|0x00000000e2700000, 0x00000000e2700000, 0x00000000e2800000|  0%| F|  |TAMS 0x00000000e2700000, 0x00000000e2700000| Untracked 
|  26|0x00000000e2800000, 0x00000000e2800000, 0x00000000e2900000|  0%| F|  |TAMS 0x00000000e2800000, 0x00000000e2800000| Untracked 
|  27|0x00000000e2900000, 0x00000000e2900000, 0x00000000e2a00000|  0%| F|  |TAMS 0x00000000e2900000, 0x00000000e2900000| Untracked 
|  28|0x00000000e2a00000, 0x00000000e2a00000, 0x00000000e2b00000|  0%| F|  |TAMS 0x00000000e2a00000, 0x00000000e2a00000| Untracked 
|  29|0x00000000e2b00000, 0x00000000e2be4ce0, 0x00000000e2c00000| 89%| E|  |TAMS 0x00000000e2b00000, 0x00000000e2b00000| Complete 
|  30|0x00000000e2c00000, 0x00000000e2d00000, 0x00000000e2d00000|100%| E|CS|TAMS 0x00000000e2c00000, 0x00000000e2c00000| Complete 
|  31|0x00000000e2d00000, 0x00000000e2e00000, 0x00000000e2e00000|100%| E|CS|TAMS 0x00000000e2d00000, 0x00000000e2d00000| Complete 
| 494|0x00000000ffc00000, 0x00000000ffc48000, 0x00000000ffd00000| 28%|OA|  |TAMS 0x00000000ffc00000, 0x00000000ffc00000| Untracked 
| 496|0x00000000ffe00000, 0x00000000ffe6b000, 0x00000000fff00000| 41%|CA|  |TAMS 0x00000000ffe00000, 0x00000000ffe00000| Untracked 

Card table byte_map: [0x00000040345aa000,0x00000040346a3000] _byte_map_base: 0x0000004033ea3000

Marking Bits (Prev, Next): (CMBitMap*) 0x000000400404c468, (CMBitMap*) 0x000000400404c4a0
 Prev Bits: [0x000000403479c000, 0x0000004034f64000)
 Next Bits: [0x0000004034f64000, 0x000000403572c000)

Polling page: 0x00000040142ae000

Metaspace:

Usage:
  Non-class:      4.65 MB capacity,     1.58 MB ( 34%) used,     3.06 MB ( 66%) free+waste,     1.31 KB ( <1%) overhead. 
      Class:    467.00 KB capacity,   159.71 KB ( 34%) used,   306.41 KB ( 66%) free+waste,   896 bytes ( <1%) overhead. 
       Both:      5.11 MB capacity,     1.74 MB ( 34%) used,     3.36 MB ( 66%) free+waste,     2.19 KB ( <1%) overhead. 

Virtual space:
  Non-class space:        8.00 MB reserved,       4.75 MB ( 59%) committed 
      Class space:        1.00 GB reserved,     512.00 KB ( <1%) committed 
             Both:        1.01 GB reserved,       5.25 MB ( <1%) committed 

Chunk freelists:
   Non-Class:  55.00 KB
       Class:  13.00 KB
        Both:  68.00 KB

MaxMetaspaceSize: unlimited
CompressedClassSpaceSize: 1.00 GB
Initial GC threshold: 20.80 MB
Current GC threshold: 20.80 MB
CDS: on

CodeHeap 'non-profiled nmethods': size=120032Kb used=43Kb max_used=43Kb free=119988Kb
 bounds [0x0000004024790000, 0x0000004024a00000, 0x000000402bcc8000]
CodeHeap 'profiled nmethods': size=120032Kb used=273Kb max_used=273Kb free=119758Kb
 bounds [0x000000401d258000, 0x000000401d4c8000, 0x0000004024790000]
CodeHeap 'non-nmethods': size=5696Kb used=1091Kb max_used=1103Kb free=4604Kb
 bounds [0x000000401ccc8000, 0x000000401cf38000, 0x000000401d258000]
 total_blobs=530 nmethods=191 adapters=254
 compilation: enabled
              stopped_count=0, restarted_count=0
 full_count=0

Compilation events (20 events):
Event: 1.525 Thread 0x00000040040be800 nmethod 200 0x000000401d29a010 code [0x000000401d29a1c0, 0x000000401d29a320]
Event: 1.525 Thread 0x00000040040be800  192       3       java.lang.StringUTF16::compress (20 bytes)
Event: 1.526 Thread 0x00000040040be800 nmethod 192 0x000000401d29a410 code [0x000000401d29a5e0, 0x000000401d29a800]
Event: 1.526 Thread 0x00000040040be800  188       3       java.lang.Character::toUpperCase (6 bytes)
Event: 1.527 Thread 0x00000040040be800 nmethod 188 0x000000401d29a910 code [0x000000401d29aae0, 0x000000401d29ad30]
Event: 1.527 Thread 0x00000040040be800  189       3       java.lang.Character::toUpperCase (9 bytes)
Event: 1.528 Thread 0x00000040040be800 nmethod 189 0x000000401d29ae10 code [0x000000401d29afe0, 0x000000401d29b1d0]
Event: 1.528 Thread 0x00000040040be800  201       3       java.lang.AbstractStringBuilder::append (77 bytes)
Event: 1.531 Thread 0x00000040040be800 nmethod 201 0x000000401d29b290 code [0x000000401d29b4c0, 0x000000401d29bb60]
Event: 1.531 Thread 0x00000040040be800  190       1       jdk.internal.loader.BuiltinClassLoader$LoadedModule::loader (5 bytes)
Event: 1.531 Thread 0x00000040040be800 nmethod 190 0x0000004024799e90 code [0x000000402479a040, 0x000000402479a110]
Event: 1.531 Thread 0x00000040040be800  199       1       java.net.URL::getFile (5 bytes)
Event: 1.532 Thread 0x00000040040be800 nmethod 199 0x000000402479a190 code [0x000000402479a340, 0x000000402479a410]
Event: 1.532 Thread 0x00000040040be800  202       3       java.util.zip.ZipFile::ensureOpen (38 bytes)
Event: 1.532 Thread 0x00000040040bc800  203       4       java.lang.String::length (11 bytes)
Event: 1.533 Thread 0x00000040040be800 nmethod 202 0x000000401d29be10 code [0x000000401d29c000, 0x000000401d29c370]
Event: 1.534 Thread 0x00000040040be800  197       1       java.util.zip.ZipEntry::getName (5 bytes)
Event: 1.534 Thread 0x00000040040be800 nmethod 197 0x000000402479a490 code [0x000000402479a640, 0x000000402479a710]
Event: 1.538 Thread 0x00000040040bc800 nmethod 203 0x000000402479a790 code [0x000000402479a920, 0x000000402479a9b8]
Event: 1.538 Thread 0x00000040040bc800  204       4       java.lang.CharacterDataLatin1::getProperties (11 bytes)

GC Heap History (0 events):
No events

Deoptimization events (0 events):
No events

Classes redefined (0 events):
No events

Internal exceptions (1 events):
Event: 1.538 Thread 0x0000004004027000 Implicit null exception at 0x000000401d266101 to 0x0000000000000000

Events (20 events):
Event: 1.523 loading class org/h2/security/SHA256
Event: 1.523 loading class org/h2/security/SHA256 done
Event: 1.525 loading class java/security/GeneralSecurityException
Event: 1.525 loading class java/security/GeneralSecurityException done
Event: 1.525 loading class java/security/Key
Event: 1.525 loading class java/security/Key done
Event: 1.526 loading class java/security/NoSuchAlgorithmException
Event: 1.526 loading class java/security/NoSuchAlgorithmException done
Event: 1.527 loading class sun/security/provider/SHA2$SHA256
Event: 1.527 loading class sun/security/provider/SHA2
Event: 1.527 loading class sun/security/provider/SHA2 done
Event: 1.527 loading class sun/security/provider/SHA2$SHA256 done
Event: 1.529 loading class org/h2/engine/SessionRemote
Event: 1.529 loading class org/h2/engine/SessionRemote done
Event: 1.532 loading class org/h2/store/DataHandler
Event: 1.532 loading class org/h2/store/DataHandler done
Event: 1.534 loading class org/h2/engine/Session
Event: 1.534 loading class org/h2/engine/Session done
Event: 1.538 loading class org/h2/command/CommandInterface
Event: 1.538 loading class org/h2/command/CommandInterface done


Dynamic libraries:
00200000-002b4000 r--p 00000000 fe:01 1048594                            /usr/bin/qemu-x86_64
002c3000-0045a000 r-xp 000b3000 fe:01 1048594                            /usr/bin/qemu-x86_64
00469000-004a3000 rw-p 00249000 fe:01 1048594                            /usr/bin/qemu-x86_64
004b2000-004c6000 rw-p 00282000 fe:01 1048594                            /usr/bin/qemu-x86_64
004c6000-004e6000 rw-p 00000000 00:00 0 
08e35000-08e36000 ---p 00000000 00:00 0                                  [heap]
08e36000-08e42000 rw-p 00000000 00:00 0                                  [heap]
e0e00000-e2e00000 rw-p 00000000 00:00 0 
e2e00000-ffc00000 ---p 00000000 00:00 0 
ffc00000-ffc48000 rw-p 00b15000 fe:01 2368342                            /usr/local/openjdk-11/lib/server/classes.jsa
ffc48000-ffd00000 rw-p 00000000 00:00 0 
ffd00000-ffe00000 ---p 00000000 00:00 0 
ffe00000-ffe6b000 rw-p 00aaa000 fe:01 2368342                            /usr/local/openjdk-11/lib/server/classes.jsa
ffe6b000-fff00000 rw-p 00000000 00:00 0 
fff00000-100000000 ---p 00000000 00:00 0 
800000000-800001000 r-xp 00001000 fe:01 2368342                          /usr/local/openjdk-11/lib/server/classes.jsa
800001000-800002000 rw-p 00002000 fe:01 2368342                          /usr/local/openjdk-11/lib/server/classes.jsa
800002000-8003d1000 rw-p 00003000 fe:01 2368342                          /usr/local/openjdk-11/lib/server/classes.jsa
8003d1000-800aa8000 r--p 003d2000 fe:01 2368342                          /usr/local/openjdk-11/lib/server/classes.jsa
800aa8000-800aa9000 rw-p 00aa9000 fe:01 2368342                          /usr/local/openjdk-11/lib/server/classes.jsa
840000000-840080000 rw-p 00000000 00:00 0 
840080000-880000000 ---p 00000000 00:00 0 
4000000000-4000001000 r--p 00000000 fe:01 2235066                        /usr/local/openjdk-11/bin/java
4000001000-4000201000 ---p 00000000 00:00 0 
4000201000-4000202000 r--p 00001000 fe:01 2235066                        /usr/local/openjdk-11/bin/java
4000202000-4000203000 rw-p 00002000 fe:01 2235066                        /usr/local/openjdk-11/bin/java
4000203000-4000224000 rw-p 00000000 00:00 0 
4001203000-4001204000 ---p 00000000 00:00 0 
4001204000-4001a04000 rw-p 00000000 00:00 0 
4001a04000-4001a05000 r--p 00000000 fe:01 1840401                        /lib/x86_64-linux-gnu/ld-2.31.so
4001a05000-4001a25000 r--p 00001000 fe:01 1840401                        /lib/x86_64-linux-gnu/ld-2.31.so
4001a25000-4001a2d000 r--p 00021000 fe:01 1840401                        /lib/x86_64-linux-gnu/ld-2.31.so
4001a2d000-4001a2e000 ---p 00000000 00:00 0 
4001a2e000-4001a2f000 r--p 00029000 fe:01 1840401                        /lib/x86_64-linux-gnu/ld-2.31.so
4001a2f000-4001a30000 rw-p 0002a000 fe:01 1840401                        /lib/x86_64-linux-gnu/ld-2.31.so
4001a30000-4001a33000 rw-p 00000000 00:00 0 
4001a37000-4001a3a000 r--p 00000000 fe:01 1840477                        /lib/x86_64-linux-gnu/libz.so.1.2.11
4001a3a000-4001a4b000 r--p 00003000 fe:01 1840477                        /lib/x86_64-linux-gnu/libz.so.1.2.11
4001a4b000-4001a51000 r--p 00014000 fe:01 1840477                        /lib/x86_64-linux-gnu/libz.so.1.2.11
4001a51000-4001a52000 ---p 0001a000 fe:01 1840477                        /lib/x86_64-linux-gnu/libz.so.1.2.11
4001a52000-4001a53000 r--p 0001a000 fe:01 1840477                        /lib/x86_64-linux-gnu/libz.so.1.2.11
4001a53000-4001a54000 rw-p 0001b000 fe:01 1840477                        /lib/x86_64-linux-gnu/libz.so.1.2.11
4001a54000-4001a56000 rw-p 00000000 00:00 0 
4001a56000-4001a5d000 r--p 00000000 fe:01 1840458                        /lib/x86_64-linux-gnu/libpthread-2.31.so
4001a5d000-4001a6d000 r--p 00007000 fe:01 1840458                        /lib/x86_64-linux-gnu/libpthread-2.31.so
4001a6d000-4001a72000 r--p 00017000 fe:01 1840458                        /lib/x86_64-linux-gnu/libpthread-2.31.so
4001a72000-4001a73000 r--p 0001b000 fe:01 1840458                        /lib/x86_64-linux-gnu/libpthread-2.31.so
4001a73000-4001a74000 rw-p 0001c000 fe:01 1840458                        /lib/x86_64-linux-gnu/libpthread-2.31.so
4001a74000-4001a78000 rw-p 00000000 00:00 0 
4001a78000-4001a87000 r--p 00000000 fe:01 2368293                        /usr/local/openjdk-11/lib/jli/libjli.so
4001a87000-4001c86000 ---p 0000f000 fe:01 2368293                        /usr/local/openjdk-11/lib/jli/libjli.so
4001c86000-4001c87000 r--p 0000e000 fe:01 2368293                        /usr/local/openjdk-11/lib/jli/libjli.so
4001c87000-4001c88000 rw-p 0000f000 fe:01 2368293                        /usr/local/openjdk-11/lib/jli/libjli.so
4001c88000-4001c89000 r--p 00000000 fe:01 1840421                        /lib/x86_64-linux-gnu/libdl-2.31.so
4001c89000-4001c8b000 r--p 00001000 fe:01 1840421                        /lib/x86_64-linux-gnu/libdl-2.31.so
4001c8b000-4001c8c000 r--p 00003000 fe:01 1840421                        /lib/x86_64-linux-gnu/libdl-2.31.so
4001c8c000-4001c8d000 r--p 00003000 fe:01 1840421                        /lib/x86_64-linux-gnu/libdl-2.31.so
4001c8d000-4001c8e000 rw-p 00004000 fe:01 1840421                        /lib/x86_64-linux-gnu/libdl-2.31.so
4001c8e000-4001cb3000 r--p 00000000 fe:01 1840413                        /lib/x86_64-linux-gnu/libc-2.31.so
4001cb3000-4001dfe000 r--p 00025000 fe:01 1840413                        /lib/x86_64-linux-gnu/libc-2.31.so
4001dfe000-4001e48000 r--p 00170000 fe:01 1840413                        /lib/x86_64-linux-gnu/libc-2.31.so
4001e48000-4001e49000 ---p 001ba000 fe:01 1840413                        /lib/x86_64-linux-gnu/libc-2.31.so
4001e49000-4001e4c000 r--p 001ba000 fe:01 1840413                        /lib/x86_64-linux-gnu/libc-2.31.so
4001e4c000-4001e4f000 rw-p 001bd000 fe:01 1840413                        /lib/x86_64-linux-gnu/libc-2.31.so
4001e4f000-4001e55000 rw-p 00000000 00:00 0 
4001e55000-4002ebc000 r--p 00000000 fe:01 2368344                        /usr/local/openjdk-11/lib/server/libjvm.so
4002ebc000-40030bc000 ---p 01067000 fe:01 2368344                        /usr/local/openjdk-11/lib/server/libjvm.so
40030bc000-400317e000 r--p 01067000 fe:01 2368344                        /usr/local/openjdk-11/lib/server/libjvm.so
400317e000-40031b8000 rw-p 01129000 fe:01 2368344                        /usr/local/openjdk-11/lib/server/libjvm.so
40031b8000-400320f000 rw-p 00000000 00:00 0 
4003213000-4003222000 r--p 00000000 fe:01 1840434                        /lib/x86_64-linux-gnu/libm-2.31.so
4003222000-40032bc000 r--p 0000f000 fe:01 1840434                        /lib/x86_64-linux-gnu/libm-2.31.so
40032bc000-4003355000 r--p 000a9000 fe:01 1840434                        /lib/x86_64-linux-gnu/libm-2.31.so
4003355000-4003356000 r--p 00141000 fe:01 1840434                        /lib/x86_64-linux-gnu/libm-2.31.so
4003356000-4003357000 rw-p 00142000 fe:01 1840434                        /lib/x86_64-linux-gnu/libm-2.31.so
4003357000-400335b000 ---p 00000000 00:00 0 
400335b000-4003458000 rw-p 00000000 00:00 0 
4004000000-40041be000 rw-p 00000000 00:00 0 
40041be000-4008000000 ---p 00000000 00:00 0 
400b45c000-400b45f000 r--p 00000000 fe:01 1840462                        /lib/x86_64-linux-gnu/librt-2.31.so
400b45f000-400b463000 r--p 00003000 fe:01 1840462                        /lib/x86_64-linux-gnu/librt-2.31.so
400b463000-400b464000 r--p 00007000 fe:01 1840462                        /lib/x86_64-linux-gnu/librt-2.31.so
400b464000-400b465000 ---p 00008000 fe:01 1840462                        /lib/x86_64-linux-gnu/librt-2.31.so
400b465000-400b466000 r--p 00008000 fe:01 1840462                        /lib/x86_64-linux-gnu/librt-2.31.so
400b466000-400b467000 rw-p 00009000 fe:01 1840462                        /lib/x86_64-linux-gnu/librt-2.31.so
400b468000-400b475000 r--p 00000000 fe:01 2368330                        /usr/local/openjdk-11/lib/libverify.so
400b475000-400b674000 ---p 0000d000 fe:01 2368330                        /usr/local/openjdk-11/lib/libverify.so
400b674000-400b676000 r--p 0000c000 fe:01 2368330                        /usr/local/openjdk-11/lib/libverify.so
400b676000-400b677000 rw-p 00000000 00:00 0 
400b677000-400b6a0000 r--p 00000000 fe:01 2368309                        /usr/local/openjdk-11/lib/libjava.so
400b6a0000-400b89f000 ---p 00029000 fe:01 2368309                        /usr/local/openjdk-11/lib/libjava.so
400b89f000-400b8a0000 r--p 00028000 fe:01 2368309                        /usr/local/openjdk-11/lib/libjava.so
400b8a0000-400b8a1000 rw-p 00029000 fe:01 2368309                        /usr/local/openjdk-11/lib/libjava.so
400b8a1000-400b8a2000 rw-p 00000000 00:00 0 
400b8a2000-400b8bd000 r--p 00000000 fe:01 2368313                        /usr/local/openjdk-11/lib/libjimage.so
400b8bd000-400babc000 ---p 0001b000 fe:01 2368313                        /usr/local/openjdk-11/lib/libjimage.so
400babc000-400babe000 r--p 0001a000 fe:01 2368313                        /usr/local/openjdk-11/lib/libjimage.so
400babe000-400babf000 rw-p 0001c000 fe:01 2368313                        /usr/local/openjdk-11/lib/libjimage.so
40142ae000-40142af000 ---p 00000000 00:00 0 
40142af000-40142b0000 r--p 00000000 00:00 0 
40142b4000-40142b7000 r--p 00000000 fe:01 1840445                        /lib/x86_64-linux-gnu/libnss_files-2.31.so
40142b7000-40142be000 r--p 00003000 fe:01 1840445                        /lib/x86_64-linux-gnu/libnss_files-2.31.so
40142be000-40142c0000 r--p 0000a000 fe:01 1840445                        /lib/x86_64-linux-gnu/libnss_files-2.31.so
40142c0000-40142c1000 r--p 0000b000 fe:01 1840445                        /lib/x86_64-linux-gnu/libnss_files-2.31.so
40142c1000-40142c2000 rw-p 0000c000 fe:01 1840445                        /lib/x86_64-linux-gnu/libnss_files-2.31.so
40142c2000-40142c8000 rw-p 00000000 00:00 0 
40142c8000-40142d0000 rw-s 00000000 fe:01 2370671                        /tmp/hsperfdata_root/9
40142d0000-40142d7000 r--p 00000000 fe:01 2368331                        /usr/local/openjdk-11/lib/libzip.so
40142d7000-40144d7000 ---p 00007000 fe:01 2368331                        /usr/local/openjdk-11/lib/libzip.so
40144d7000-40144d8000 r--p 00007000 fe:01 2368331                        /usr/local/openjdk-11/lib/libzip.so
40144d8000-40144d9000 rw-p 00000000 00:00 0 
40144d9000-401ccc8000 r--s 00000000 fe:01 2368332                        /usr/local/openjdk-11/lib/modules
401ccc8000-401ccca000 r-xp 00000000 00:00 0 
401ccca000-401ccd0000 rw-p 00000000 00:00 0 
401ccd0000-401ccd3000 r-xp 00000000 00:00 0 
401ccd3000-401ccd4000 rw-p 00000000 00:00 0 
401ccd4000-401ccea000 r-xp 00000000 00:00 0 
401ccea000-401ccec000 rw-p 00000000 00:00 0 
401ccec000-401cced000 rwxp 00000000 00:00 0 
401cced000-401ccee000 r-xp 00000000 00:00 0 
401ccee000-401ccf5000 rw-p 00000000 00:00 0 
401ccf5000-401ccf7000 r-xp 00000000 00:00 0 
401ccf7000-401ccfd000 rw-p 00000000 00:00 0 
401ccfd000-401ccfe000 r-xp 00000000 00:00 0 
401ccfe000-401ccff000 rw-p 00000000 00:00 0 
401ccff000-401cd00000 r-xp 00000000 00:00 0 
401cd00000-401cd03000 rw-p 00000000 00:00 0 
401cd03000-401cd05000 r-xp 00000000 00:00 0 
401cd05000-401cd09000 rw-p 00000000 00:00 0 
401cd09000-401cd0e000 r-xp 00000000 00:00 0 
401cd0e000-401cd12000 rw-p 00000000 00:00 0 
401cd12000-401cd15000 r-xp 00000000 00:00 0 
401cd15000-401cd17000 rw-p 00000000 00:00 0 
401cd17000-401cd18000 r-xp 00000000 00:00 0 
401cd18000-401cd1f000 rw-p 00000000 00:00 0 
401cd1f000-401cd20000 r-xp 00000000 00:00 0 
401cd20000-401cd29000 rw-p 00000000 00:00 0 
401cd29000-401cd2b000 r-xp 00000000 00:00 0 
401cd2b000-401cdba000 rw-p 00000000 00:00 0 
401cdba000-401cdbb000 r-xp 00000000 00:00 0 
401cdbb000-401cdbf000 rw-p 00000000 00:00 0 
401cdbf000-401cdc1000 r-xp 00000000 00:00 0 
401cdc1000-401cdc7000 rw-p 00000000 00:00 0 
401cdc7000-401cdc8000 r-xp 00000000 00:00 0 
401cdc8000-401cdcf000 rw-p 00000000 00:00 0 
401cdcf000-401cdd0000 r-xp 00000000 00:00 0 
401cdd0000-401cf38000 rw-p 00000000 00:00 0 
401cf38000-401d258000 ---p 00000000 00:00 0 
401d258000-401d25d000 r-xp 00000000 00:00 0 
401d25d000-401d25e000 rwxp 00000000 00:00 0 
401d25e000-401d261000 r-xp 00000000 00:00 0 
401d261000-401d262000 rwxp 00000000 00:00 0 
401d262000-401d264000 r-xp 00000000 00:00 0 
401d264000-401d265000 rwxp 00000000 00:00 0 
401d265000-401d268000 r-xp 00000000 00:00 0 
401d268000-401d269000 rwxp 00000000 00:00 0 
401d269000-401d286000 r-xp 00000000 00:00 0 
401d286000-401d287000 rw-p 00000000 00:00 0 
401d287000-401d288000 rwxp 00000000 00:00 0 
401d288000-401d290000 r-xp 00000000 00:00 0 
401d290000-401d291000 rwxp 00000000 00:00 0 
401d291000-401d294000 r-xp 00000000 00:00 0 
401d294000-401d29a000 rw-p 00000000 00:00 0 
401d29a000-401d29d000 r-xp 00000000 00:00 0 
401d29d000-401d4c8000 rw-p 00000000 00:00 0 
401d4c8000-4024790000 ---p 00000000 00:00 0 
4024790000-402479a000 r-xp 00000000 00:00 0 
402479a000-402479b000 rwxp 00000000 00:00 0 
402479b000-4024a00000 rw-p 00000000 00:00 0 
4024a00000-402bcc8000 ---p 00000000 00:00 0 
402bcc8000-402bccd000 rw-p 00000000 00:00 0 
402bccd000-402bcd4000 ---p 00000000 00:00 0 
402bcd4000-402bcd9000 rw-p 00000000 00:00 0 
402bcd9000-402bdbf000 ---p 00000000 00:00 0 
402bdbf000-402bdc4000 rw-p 00000000 00:00 0 
402bdc4000-402beaa000 ---p 00000000 00:00 0 
402beaa000-402beab000 ---p 00000000 00:00 0 
402beab000-402bfac000 rw-p 00000000 00:00 0 
402c000000-402c021000 rw-p 00000000 00:00 0 
402c021000-4030000000 ---p 00000000 00:00 0 
4033fac000-40344c1000 rw-p 00000000 00:00 0 
40344c1000-40345a8000 ---p 00000000 00:00 0 
40345a8000-40345ba000 rw-p 00000000 00:00 0 
40345ba000-40346a1000 ---p 00000000 00:00 0 
40346a1000-40346b3000 rw-p 00000000 00:00 0 
40346b3000-403479a000 ---p 00000000 00:00 0 
403479a000-403481c000 rw-p 00000000 00:00 0 
403481c000-4034f54000 ---p 00000000 00:00 0 
4034f54000-4034f58000 rw-p 00000000 00:00 0 
4034f58000-4034f5c000 ---p 00000000 00:00 0 
4034f5c000-4034f60000 rw-p 00000000 00:00 0 
4034f60000-4034f64000 ---p 00000000 00:00 0 
4034f64000-4034fe4000 rw-p 00000000 00:00 0 
4034fe4000-403571c000 ---p 00000000 00:00 0 
403571c000-4035720000 rw-p 00000000 00:00 0 
4035720000-4035724000 ---p 00000000 00:00 0 
4035724000-4035728000 rw-p 00000000 00:00 0 
4035728000-403572c000 ---p 00000000 00:00 0 
403572c000-403573d000 rw-p 00000000 00:00 0 
403573d000-403573e000 ---p 00000000 00:00 0 
403573e000-403583f000 rw-p 00000000 00:00 0 
4038000000-4038021000 rw-p 00000000 00:00 0 
4038021000-403c000000 ---p 00000000 00:00 0 
403d83f000-403d840000 ---p 00000000 00:00 0 
403d840000-403d941000 rw-p 00000000 00:00 0 
4040000000-4040021000 rw-p 00000000 00:00 0 
4040021000-4044000000 ---p 00000000 00:00 0 
4045941000-4047e46000 rw-p 00000000 00:00 0 
4047e46000-4047e47000 ---p 00000000 00:00 0 
4047e47000-4047f48000 rw-p 00000000 00:00 0 
4048000000-4048021000 rw-p 00000000 00:00 0 
4048021000-404c000000 ---p 00000000 00:00 0 
404ff48000-404ff49000 ---p 00000000 00:00 0 
404ff49000-405004a000 rw-p 00000000 00:00 0 
4054000000-4054021000 rw-p 00000000 00:00 0 
4054021000-4058000000 ---p 00000000 00:00 0 
42d804a000-42d854c000 rw-p 00000000 00:00 0 
42d854c000-42d888c000 ---p 00000000 00:00 0 
42d888c000-42d8990000 rw-p 00000000 00:00 0 
42d8990000-42d8991000 ---p 00000000 00:00 0 
42d8991000-42d8a92000 rw-p 00000000 00:00 0 
42dc000000-42dc021000 rw-p 00000000 00:00 0 
42dc021000-42e0000000 ---p 00000000 00:00 0 
42e0a92000-42e0a96000 ---p 00000000 00:00 0 
42e0a96000-42e0b93000 rw-p 00000000 00:00 0 
42e4000000-42e4021000 rw-p 00000000 00:00 0 
42e4021000-42e8000000 ---p 00000000 00:00 0 
42e8b93000-42e8b97000 ---p 00000000 00:00 0 
42e8b97000-42e8c94000 rw-p 00000000 00:00 0 
42ec000000-42ec021000 rw-p 00000000 00:00 0 
42ec021000-42f0000000 ---p 00000000 00:00 0 
42f0c94000-42f0c95000 r--p 00000000 fe:01 1840843                        /usr/lib/locale/C.UTF-8/LC_IDENTIFICATION
42f0c95000-42f0c9c000 r--s 00000000 fe:01 1841122                        /usr/lib/x86_64-linux-gnu/gconv/gconv-modules.cache
42f0c9c000-42f0c9d000 r--p 00000000 fe:01 1840844                        /usr/lib/locale/C.UTF-8/LC_MEASUREMENT
42f0c9d000-42f0c9e000 r--p 00000000 fe:01 1840851                        /usr/lib/locale/C.UTF-8/LC_TELEPHONE
42f0c9e000-42f0c9f000 r--p 00000000 fe:01 1840840                        /usr/lib/locale/C.UTF-8/LC_ADDRESS
42f0c9f000-42f0ca0000 r--p 00000000 fe:01 1840848                        /usr/lib/locale/C.UTF-8/LC_NAME
42f0ca0000-42f0ca1000 r--p 00000000 fe:01 1840850                        /usr/lib/locale/C.UTF-8/LC_PAPER
42f0ca1000-42f0ca2000 r--p 00000000 fe:01 1840846                        /usr/lib/locale/C.UTF-8/LC_MESSAGES/SYS_LC_MESSAGES
42f0ca2000-42f0ca3000 r--p 00000000 fe:01 1840847                        /usr/lib/locale/C.UTF-8/LC_MONETARY
42f0ca3000-42f0e16000 r--p 00000000 fe:01 1840841                        /usr/lib/locale/C.UTF-8/LC_COLLATE
42f0e16000-42f0e17000 r--p 00000000 fe:01 1840852                        /usr/lib/locale/C.UTF-8/LC_TIME
42f0e17000-42f0e18000 r--p 00000000 fe:01 1840849                        /usr/lib/locale/C.UTF-8/LC_NUMERIC
42f0e18000-42f0e6d000 r--p 00000000 fe:01 1840842                        /usr/lib/locale/C.UTF-8/LC_CTYPE
42f0e6d000-42f0e71000 ---p 00000000 00:00 0 
42f0e71000-42f0f6e000 rw-p 00000000 00:00 0 
42f4000000-42f4021000 rw-p 00000000 00:00 0 
42f4021000-42f8000000 ---p 00000000 00:00 0 
42f8f6e000-42f8f72000 ---p 00000000 00:00 0 
42f8f72000-42f906f000 rw-p 00000000 00:00 0 
42fc000000-42fc021000 rw-p 00000000 00:00 0 
42fc021000-4300000000 ---p 00000000 00:00 0 
430106f000-4301073000 ---p 00000000 00:00 0 
4301073000-4301170000 rw-p 00000000 00:00 0 
4304000000-4304061000 rw-p 00000000 00:00 0 
4304061000-4308000000 ---p 00000000 00:00 0 
4309170000-4309174000 ---p 00000000 00:00 0 
4309174000-4309271000 rw-p 00000000 00:00 0 
430c000000-430c09a000 rw-p 00000000 00:00 0 
430c09a000-4310000000 ---p 00000000 00:00 0 
4311271000-4311275000 ---p 00000000 00:00 0 
4311275000-4311372000 rw-p 00000000 00:00 0 
4314000000-4314021000 rw-p 00000000 00:00 0 
4314021000-4318000000 ---p 00000000 00:00 0 
4319372000-4319373000 ---p 00000000 00:00 0 
4319373000-4319474000 rw-p 00000000 00:00 0 
431c000000-431c021000 rw-p 00000000 00:00 0 
431c021000-4320000000 ---p 00000000 00:00 0 
4321474000-4321478000 ---p 00000000 00:00 0 
4321478000-4321575000 rw-p 00000000 00:00 0 
4324000000-4324021000 rw-p 00000000 00:00 0 
4324021000-4328000000 ---p 00000000 00:00 0 
4329575000-4329585000 r--p 00000000 fe:01 2368322                        /usr/local/openjdk-11/lib/libnio.so
4329585000-4329785000 ---p 00010000 fe:01 2368322                        /usr/local/openjdk-11/lib/libnio.so
4329785000-4329786000 r--p 00010000 fe:01 2368322                        /usr/local/openjdk-11/lib/libnio.so
4329786000-4329787000 rw-p 00011000 fe:01 2368322                        /usr/local/openjdk-11/lib/libnio.so
4329787000-432979c000 r--p 00000000 fe:01 2368321                        /usr/local/openjdk-11/lib/libnet.so
432979c000-432999b000 ---p 00015000 fe:01 2368321                        /usr/local/openjdk-11/lib/libnet.so
432999b000-432999c000 r--p 00014000 fe:01 2368321                        /usr/local/openjdk-11/lib/libnet.so
432999c000-432999d000 rw-p 00015000 fe:01 2368321                        /usr/local/openjdk-11/lib/libnet.so
432999d000-43299ce000 rw-p 00000000 00:00 0 
43299ce000-43299d0000 r--p 00000000 fe:01 2368302                        /usr/local/openjdk-11/lib/libextnet.so
43299d0000-4329bcf000 ---p 00002000 fe:01 2368302                        /usr/local/openjdk-11/lib/libextnet.so
4329bcf000-4329bd0000 r--p 00001000 fe:01 2368302                        /usr/local/openjdk-11/lib/libextnet.so
4329bd0000-4329bd1000 rw-p 00000000 00:00 0 
4329bd1000-4329bd5000 ---p 00000000 00:00 0 
4329bd5000-4329cd2000 rw-p 00000000 00:00 0 
432c000000-432c021000 rw-p 00000000 00:00 0 
432c021000-4330000000 ---p 00000000 00:00 0 
ffff59ade000-ffff5a165000 rw-p 00000000 00:00 0 
ffff93fe8000-ffff9464d000 rw-p 00000000 00:00 0 
ffff9464f000-ffff94657000 rw-p 00000000 00:00 0 
ffff94658000-ffff94660000 rw-p 00000000 00:00 0 
ffff94661000-ffff94669000 rw-p 00000000 00:00 0 
ffff9466b000-ffff94673000 rw-p 00000000 00:00 0 
ffff94674000-ffff9467c000 rw-p 00000000 00:00 0 
ffff9467d000-ffff94685000 rw-p 00000000 00:00 0 
ffff94686000-ffff9468e000 rw-p 00000000 00:00 0 
ffff94690000-ffff94698000 rw-p 00000000 00:00 0 
ffff94699000-ffff946a1000 rw-p 00000000 00:00 0 
ffff946a2000-ffff946aa000 rw-p 00000000 00:00 0 
ffff946ac000-ffff946b4000 rw-p 00000000 00:00 0 
ffff946b5000-ffff946bd000 rw-p 00000000 00:00 0 
ffff946be000-ffff946c6000 rw-p 00000000 00:00 0 
ffff946c7000-ffff946cf000 rw-p 00000000 00:00 0 
ffff946d0000-ffff946d8000 rw-p 00000000 00:00 0 
ffff946d9000-ffff946e1000 rw-p 00000000 00:00 0 
ffff946e3000-ffff946eb000 rw-p 00000000 00:00 0 
ffff946ec000-ffff946f4000 rw-p 00000000 00:00 0 
ffff946f5000-ffff946fd000 rw-p 00000000 00:00 0 
ffff946fe000-ffff94706000 rw-p 00000000 00:00 0 
ffff94707000-ffff9470f000 rw-p 00000000 00:00 0 
ffff94710000-ffff94718000 rw-p 00000000 00:00 0 
ffff94719000-ffff94721000 rw-p 00000000 00:00 0 
ffff94722000-ffff9472a000 rw-p 00000000 00:00 0 
ffff9472b000-ffff94733000 rw-p 00000000 00:00 0 
ffff94735000-ffff9473d000 rw-p 00000000 00:00 0 
ffff9473e000-ffff94746000 rw-p 00000000 00:00 0 
ffff94747000-ffff9474f000 rw-p 00000000 00:00 0 
ffff94750000-ffff94758000 rw-p 00000000 00:00 0 
ffff9475a000-ffff94762000 rw-p 00000000 00:00 0 
ffff94763000-ffff9476b000 rw-p 00000000 00:00 0 
ffff9476c000-ffff94774000 rw-p 00000000 00:00 0 
ffff94775000-ffff94935000 rw-p 00000000 00:00 0 
ffff94935000-ffff94937000 ---p 00000000 00:00 0 
ffff94937000-ffff94aa8000 rw-p 00000000 00:00 0 
ffff94aa8000-ffff94aaa000 ---p 00000000 00:00 0 
ffff94aaa000-ffff94b13000 rw-p 00000000 00:00 0 
ffff94b14000-ffff94b24000 rw-p 00000000 00:00 0 
ffff94b25000-ffff94b35000 rw-p 00000000 00:00 0 
ffff94b36000-ffff94b3e000 rw-p 00000000 00:00 0 
ffff94b3f000-ffff94b57000 rw-p 00000000 00:00 0 
ffff94b58000-ffff94b68000 rw-p 00000000 00:00 0 
ffff94b69000-ffff94b79000 rw-p 00000000 00:00 0 
ffff94b7a000-ffff94b8a000 rw-p 00000000 00:00 0 
ffff94b8b000-ffff94ba3000 rw-p 00000000 00:00 0 
ffff94ba4000-ffff94bb4000 rw-p 00000000 00:00 0 
ffff94bb5000-ffff94bd7000 rw-p 00000000 00:00 0 
ffff94bd8000-ffff94bf0000 rw-p 00000000 00:00 0 
ffff94bf1000-ffff94c01000 rw-p 00000000 00:00 0 
ffff94c02000-ffff94c22000 rw-p 00000000 00:00 0 
ffff94c23000-ffff94c3b000 rw-p 00000000 00:00 0 
ffff94c3c000-ffff94c54000 rw-p 00000000 00:00 0 
ffff94c55000-ffff94c6d000 rw-p 00000000 00:00 0 
ffff94c70000-ffff94d68000 rw-p 00000000 00:00 0 
ffff94d6a000-ffff94e82000 rw-p 00000000 00:00 0 
ffff94e83000-ffff94e8b000 rw-p 00000000 00:00 0 
ffff94e8d000-ffff94e95000 rw-p 00000000 00:00 0 
ffff94e96000-ffff94e9e000 rw-p 00000000 00:00 0 
ffff94e9f000-ffff94ea7000 rw-p 00000000 00:00 0 
ffff94ea9000-ffff94f71000 rw-p 00000000 00:00 0 
ffff94f71000-ffff94f73000 ---p 00000000 00:00 0 
ffff94f73000-ffff950d3000 rw-p 00000000 00:00 0 
ffff950d3000-ffff950d5000 ---p 00000000 00:00 0 
ffff950d5000-ffff95216000 rw-p 00000000 00:00 0 
ffff95216000-ffff95218000 ---p 00000000 00:00 0 
ffff95218000-ffff9530b000 rw-p 00000000 00:00 0 
ffff9530b000-ffff9530d000 ---p 00000000 00:00 0 
ffff9530d000-ffff95456000 rw-p 00000000 00:00 0 
ffff95456000-ffff95458000 ---p 00000000 00:00 0 
ffff95458000-ffff9560f000 rw-p 00000000 00:00 0 
ffff9560f000-ffff95611000 ---p 00000000 00:00 0 
ffff95611000-ffff956e1000 rw-p 00000000 00:00 0 
ffff956e1000-ffff956e3000 ---p 00000000 00:00 0 
ffff956e3000-ffff95892000 rw-p 00000000 00:00 0 
ffff95892000-ffff95894000 ---p 00000000 00:00 0 
ffff95894000-ffff958dd000 rw-p 00000000 00:00 0 
ffff958de000-ffff958ee000 rw-p 00000000 00:00 0 
ffff958ef000-ffff958ff000 rw-p 00000000 00:00 0 
ffff95900000-ffff95910000 rw-p 00000000 00:00 0 
ffff95911000-ffff95921000 rw-p 00000000 00:00 0 
ffff95922000-ffff95932000 rw-p 00000000 00:00 0 
ffff95933000-ffff9594b000 rw-p 00000000 00:00 0 
ffff9594c000-ffff95964000 rw-p 00000000 00:00 0 
ffff95965000-ffff9597d000 rw-p 00000000 00:00 0 
ffff95981000-ffff95a8c000 rw-p 00000000 00:00 0 
ffff95a8d000-ffff95a95000 rw-p 00000000 00:00 0 
ffff95a96000-ffff95a9e000 rw-p 00000000 00:00 0 
ffff95a9f000-ffff95aa7000 rw-p 00000000 00:00 0 
ffff95aa9000-ffff95ab1000 rw-p 00000000 00:00 0 
ffff95ab2000-ffff95aba000 rw-p 00000000 00:00 0 
ffff95abb000-ffff95ac3000 rw-p 00000000 00:00 0 
ffff95ac4000-ffff95acc000 rw-p 00000000 00:00 0 
ffff95acd000-ffff9a165000 rw-p 00000000 00:00 0 
ffff9a166000-ffff9a16e000 rw-p 00000000 00:00 0 
ffff9a16f000-ffff9a1f7000 rw-p 00000000 00:00 0 
ffff9a1f7000-ffff9a1f9000 ---p 00000000 00:00 0 
ffff9a1f9000-ffff9a354000 rw-p 00000000 00:00 0 
ffff9a354000-ffff9a356000 ---p 00000000 00:00 0 
ffff9a356000-ffff9a4b0000 rw-p 00000000 00:00 0 
ffff9a4b0000-ffff9a4b2000 ---p 00000000 00:00 0 
ffff9a4b2000-ffff9a60d000 rw-p 00000000 00:00 0 
ffff9a60d000-ffff9a60f000 ---p 00000000 00:00 0 
ffff9a60f000-ffff9aa7c000 rw-p 00000000 00:00 0 
ffff9aa7c000-ffff9aa7e000 ---p 00000000 00:00 0 
ffff9aa7e000-ffff9afc6000 rw-p 00000000 00:00 0 
ffff9afc6000-ffff9afc8000 ---p 00000000 00:00 0 
ffff9afc8000-ffff9b1f6000 rw-p 00000000 00:00 0 
ffff9b1f6000-ffffa31f5000 rwxp 00000000 00:00 0 
ffffa31f5000-ffffa31f6000 ---p 00000000 00:00 0 
ffffa31f6000-ffffa3321000 rw-p 00000000 00:00 0 
ffffa3321000-ffffa3323000 ---p 00000000 00:00 0 
ffffa3323000-ffffa3345000 rw-p 00000000 00:00 0 
ffffa3345000-ffffa3347000 r--p 00000000 00:00 0                          [vvar]
ffffa3347000-ffffa3348000 r-xp 00000000 00:00 0                          [vdso]
ffffc8db2000-ffffc8dd3000 rw-p 00000000 00:00 0                          [stack]


VM Arguments:
java_command: org.h2.tools.Server -web -webAllowOthers -webPort 81 -tcp -tcpAllowOthers -tcpPort 1521 -baseDir /opt/h2-data -ifNotExists
java_class_path (initial): /opt/h2/bin/h2-2.1.214.jar
Launcher Type: SUN_STANDARD

[Global flags]
     intx CICompilerCount                          = 3                                         {product} {ergonomic}
     uint ConcGCThreads                            = 1                                         {product} {ergonomic}
     uint G1ConcRefinementThreads                  = 5                                         {product} {ergonomic}
   size_t G1HeapRegionSize                         = 1048576                                   {product} {ergonomic}
    uintx GCDrainStackTargetSize                   = 64                                        {product} {ergonomic}
   size_t InitialHeapSize                          = 33554432                                  {product} {ergonomic}
   size_t MarkStackSize                            = 4194304                                   {product} {ergonomic}
   size_t MaxHeapSize                              = 522190848                                 {product} {ergonomic}
   size_t MaxNewSize                               = 312475648                                 {product} {ergonomic}
   size_t MinHeapDeltaBytes                        = 1048576                                   {product} {ergonomic}
    uintx NonNMethodCodeHeapSize                   = 5830732                                {pd product} {ergonomic}
    uintx NonProfiledCodeHeapSize                  = 122913754                              {pd product} {ergonomic}
    uintx ProfiledCodeHeapSize                     = 122913754                              {pd product} {ergonomic}
    uintx ReservedCodeCacheSize                    = 251658240                              {pd product} {ergonomic}
     bool SegmentedCodeCache                       = true                                      {product} {ergonomic}
     bool UseCompressedClassPointers               = true                                 {lp64_product} {ergonomic}
     bool UseCompressedOops                        = true                                 {lp64_product} {ergonomic}
     bool UseG1GC                                  = true                                      {product} {ergonomic}

Logging:
Log output configuration:
 #0: stdout all=warning uptime,level,tags
 #1: stderr all=off uptime,level,tags

Environment Variables:
JAVA_HOME=/usr/local/openjdk-11
PATH=/usr/local/openjdk-11/bin:/usr/local/sbin:/usr/local/bin:/usr/sbin:/usr/bin:/sbin:/bin:/opt/h2/bin
LANG=C.UTF-8

Signal Handlers:
SIGSEGV: [libjvm.so+0xd9b640], sa_mask[0]=11111111111111111111111111111110, sa_flags=SA_RESTART|SA_SIGINFO
SIGBUS: [libjvm.so+0xd9b640], sa_mask[0]=11111111111111111111111111111110, sa_flags=SA_RESTART|SA_SIGINFO
SIGFPE: [libjvm.so+0xd9b640], sa_mask[0]=11111111111111111111111111111110, sa_flags=SA_RESTART|SA_SIGINFO
SIGPIPE: [libjvm.so+0xb9de10], sa_mask[0]=11111111111111111111111111111110, sa_flags=SA_RESTART|SA_SIGINFO
SIGXFSZ: [libjvm.so+0xb9de10], sa_mask[0]=11111111111111111111111111111110, sa_flags=SA_RESTART|SA_SIGINFO
SIGILL: [libjvm.so+0xd9b640], sa_mask[0]=11111111111111111111111111111110, sa_flags=SA_RESTART|SA_SIGINFO
SIGUSR2: [libjvm.so+0xb9dca0], sa_mask[0]=00000000000000000000000000000000, sa_flags=SA_RESTART|SA_SIGINFO
SIGHUP: [libjvm.so+0xb9e460], sa_mask[0]=11111111111111111111111111111110, sa_flags=SA_RESTART|SA_SIGINFO
SIGINT: [libjvm.so+0xb9e460], sa_mask[0]=11111111111111111111111111111110, sa_flags=SA_RESTART|SA_SIGINFO
SIGTERM: [libjvm.so+0xb9e460], sa_mask[0]=11111111111111111111111111111110, sa_flags=SA_RESTART|SA_SIGINFO
SIGQUIT: [libjvm.so+0xb9e460], sa_mask[0]=11111111111111111111111111111110, sa_flags=SA_RESTART|SA_SIGINFO


---------------  S Y S T E M  ---------------

OS:PRETTY_NAME="Debian GNU/Linux 11 (bullseye)"
NAME="Debian GNU/Linux"
VERSION_ID="11"
VERSION="11 (bullseye)"
VERSION_CODENAME=bullseye
ID=debian
HOME_URL="https://www.debian.org/"
SUPPORT_URL="https://www.debian.org/support"
BUG_REPORT_URL="https://bugs.debian.org/"
uname:Linux 5.10.76-linuxkit #1 SMP PREEMPT Mon Nov 8 11:22:26 UTC 2021 x86_64
OS uptime: 0 days 2:01 hours
libc:glibc 2.31 NPTL 2.31 
rlimit (soft/hard): STACK 8192k/infinity , CORE 0k/infinity , NPROC infinity/infinity , NOFILE 1048576/1048576 , AS infinity/infinity , CPU infinity/infinity , DATA infinity/infinity , FSIZE infinity/infinity , MEMLOCK 64k/64k
load average:0.75 0.30 0.18

/proc/meminfo:
MemTotal:        2036288 kB
MemFree:          205056 kB
MemAvailable:    1136480 kB
Buffers:           45796 kB
Cached:          1222660 kB
SwapCached:          580 kB
Active:           339552 kB
Inactive:        1308164 kB
Active(anon):      66872 kB
Inactive(anon):   638596 kB
Active(file):     272680 kB
Inactive(file):   669568 kB
Unevictable:           0 kB
Mlocked:               0 kB
SwapTotal:       1048572 kB
SwapFree:        1047276 kB
Dirty:                60 kB
Writeback:             0 kB
AnonPages:        377920 kB
Mapped:           237872 kB
Shmem:            326120 kB
KReclaimable:      79288 kB
Slab:             118284 kB
SReclaimable:      79288 kB
SUnreclaim:        38996 kB
KernelStack:        8416 kB
PageTables:         5024 kB
NFS_Unstable:          0 kB
Bounce:                0 kB
WritebackTmp:          0 kB
CommitLimit:     2066716 kB
Committed_AS:    3588896 kB
VmallocTotal:   135290159040 kB
VmallocUsed:       10780 kB
VmallocChunk:          0 kB
Percpu:             2740 kB
AnonHugePages:     57344 kB
ShmemHugePages:        0 kB
ShmemPmdMapped:        0 kB
FileHugePages:         0 kB
FilePmdMapped:         0 kB
HugePages_Total:       0
HugePages_Free:        0
HugePages_Rsvd:        0
HugePages_Surp:        0
Hugepagesize:       2048 kB
Hugetlb:               0 kB

/sys/kernel/mm/transparent_hugepage/enabled:
always [madvise] never
/sys/kernel/mm/transparent_hugepage/defrag (defrag/compaction efforts parameter):
always defer defer+madvise [madvise] never

Process Memory:
Virtual Size: 3471488K (peak: 12124572K)
Resident Set Size: 210284K (peak: 210284K) (anon: 182756K, file: 27528K, shmem: 0K)
Swapped out: 0K
C-Heap outstanding allocations: 14659K, retained: 1888K
glibc malloc tunables: (default)

/proc/sys/kernel/threads-max (system-wide limit on the number of threads):
15034
/proc/sys/vm/max_map_count (maximum number of memory map areas a process may have):
262144
/proc/sys/kernel/pid_max (system-wide limit on number of process identifiers):
99999

container (cgroup) information:
container_type: cgroupv2
cpu_cpuset_cpus: not supported
cpu_memory_nodes: not supported
active_processor_count: 5
cpu_quota: no quota
cpu_period: 100000
cpu_shares: no shares
memory_limit_in_bytes: unlimited
memory_and_swap_limit_in_bytes: unlimited
memory_soft_limit_in_bytes: unlimited
memory_usage_in_bytes: 195026944
memory_max_usage_in_bytes: not supported

Steal ticks since vm start: 0
Steal ticks percentage since vm start:  0.000

CPU:total 5 (initial active 5) (1 cores per cpu, 1 threads per core) family 15 model 107 stepping 1 microcode 0x0, cmov, cx8, fxsr, mmx, sse, sse2, sse3, ssse3, sse4.1, sse4.2, popcnt, aes, clmul, erms, mmxext, 3dnowpref, lzcnt, sse4a, tsc, bmi1, bmi2, adx

/proc/cpuinfo:
processor	: 0
BogoMIPS	: 48.00
Features	: fp asimd evtstrm aes pmull sha1 sha2 crc32 atomics fphp asimdhp cpuid asimdrdm jscvt fcma lrcpc dcpop sha3 asimddp sha512 asimdfhm dit uscat ilrcpc flagm sb paca pacg dcpodp flagm2 frint
CPU implementer	: 0x00
CPU architecture: 8
CPU variant	: 0x0
CPU part	: 0x000
CPU revision	: 0

processor	: 1
BogoMIPS	: 48.00
Features	: fp asimd evtstrm aes pmull sha1 sha2 crc32 atomics fphp asimdhp cpuid asimdrdm jscvt fcma lrcpc dcpop sha3 asimddp sha512 asimdfhm dit uscat ilrcpc flagm sb paca pacg dcpodp flagm2 frint
CPU implementer	: 0x00
CPU architecture: 8
CPU variant	: 0x0
CPU part	: 0x000
CPU revision	: 0

processor	: 2
BogoMIPS	: 48.00
Features	: fp asimd evtstrm aes pmull sha1 sha2 crc32 atomics fphp asimdhp cpuid asimdrdm jscvt fcma lrcpc dcpop sha3 asimddp sha512 asimdfhm dit uscat ilrcpc flagm sb paca pacg dcpodp flagm2 frint
CPU implementer	: 0x00
CPU architecture: 8
CPU variant	: 0x0
CPU part	: 0x000
CPU revision	: 0

processor	: 3
BogoMIPS	: 48.00
Features	: fp asimd evtstrm aes pmull sha1 sha2 crc32 atomics fphp asimdhp cpuid asimdrdm jscvt fcma lrcpc dcpop sha3 asimddp sha512 asimdfhm dit uscat ilrcpc flagm sb paca pacg dcpodp flagm2 frint
CPU implementer	: 0x00
CPU architecture: 8
CPU variant	: 0x0
CPU part	: 0x000
CPU revision	: 0

processor	: 4
BogoMIPS	: 48.00
Features	: fp asimd evtstrm aes pmull sha1 sha2 crc32 atomics fphp asimdhp cpuid asimdrdm jscvt fcma lrcpc dcpop sha3 asimddp sha512 asimdfhm dit uscat ilrcpc flagm sb paca pacg dcpodp flagm2 frint
CPU implementer	: 0x00
CPU architecture: 8
CPU variant	: 0x0
CPU part	: 0x000
CPU revision	: 0

Online cpus:
0-4
Offline cpus:

BIOS frequency limitation:
<Not Available>
Frequency switch latency (ns):
<Not Available>
Available cpu frequencies:
<Not Available>
Current governor:
<Not Available>
Core performance/turbo boost:
<Not Available>

Memory: 4k page, physical 2036288k(205024k free), swap 1048572k(1047276k free)

vm_info: OpenJDK 64-Bit Server VM (11.0.16+8) for linux-amd64 JRE (11.0.16+8), built on Jul 16 2022 23:58:30 by "openjdk" with gcc 8.3.1 20190311 (Red Hat 8.3.1-3)

END.
